SF:lib/models/category.dart
DA:11,3
DA:17,3
DA:18,2
DA:19,3
DA:22,6
DA:24,3
DA:26,1
DA:27,2
DA:28,3
DA:31,6
DA:33,2
DA:34,2
DA:35,2
DA:36,2
DA:37,2
DA:38,2
DA:39,6
DA:40,2
DA:41,0
DA:42,2
DA:43,4
DA:44,0
DA:45,2
DA:49,2
DA:50,2
DA:51,2
DA:52,2
DA:53,10
DA:54,4
DA:55,2
DA:59,1
DA:66,1
DA:67,1
DA:68,0
DA:69,0
DA:70,1
DA:71,0
DA:75,1
DA:76,2
DA:79,1
DA:80,6
DA:83,1
DA:84,6
DA:85,2
DA:86,2
DA:90,1
DA:91,1
DA:92,1
DA:94,2
DA:95,2
DA:98,1
DA:101,4
DA:104,1
DA:105,2
LF:54
LH:49
end_of_record
SF:lib/models/deleted_category.dart
DA:12,2
DA:18,2
DA:19,2
DA:21,2
DA:22,2
DA:23,2
DA:24,2
DA:25,4
DA:26,2
DA:30,1
DA:31,1
DA:32,1
DA:33,1
DA:34,2
DA:35,1
DA:39,2
DA:40,2
DA:41,3
DA:42,2
DA:43,2
DA:44,2
DA:45,6
DA:46,2
DA:47,0
DA:48,2
DA:49,4
DA:50,1
DA:51,2
DA:55,2
DA:56,2
DA:57,2
DA:58,2
DA:59,10
DA:60,4
DA:61,2
DA:65,1
DA:72,1
DA:73,1
DA:74,0
DA:75,0
DA:76,1
DA:77,0
DA:81,1
DA:84,4
DA:87,1
DA:88,2
LF:46
LH:42
end_of_record
SF:lib/models/task.dart
DA:11,4
DA:18,4
DA:19,4
DA:21,4
DA:22,4
DA:23,5
DA:24,4
DA:25,4
DA:26,4
DA:27,4
DA:28,8
DA:29,1
DA:30,4
DA:31,4
DA:36,4
DA:37,4
DA:38,4
DA:39,4
DA:40,4
DA:41,4
DA:42,8
DA:43,6
DA:47,2
DA:55,2
DA:56,2
DA:57,1
DA:58,2
DA:59,1
DA:60,2
DA:61,2
DA:65,1
DA:68,4
DA:71,1
DA:72,2
LF:34
LH:34
end_of_record
SF:lib/services/data_service.dart
DA:12,2
DA:14,2
DA:15,1
DA:17,1
DA:18,1
DA:21,1
DA:23,3
DA:24,1
DA:26,2
DA:30,1
DA:32,1
DA:33,4
DA:34,1
DA:36,1
DA:38,0
DA:43,1
DA:45,1
DA:46,1
DA:48,1
DA:49,1
DA:52,1
DA:54,3
DA:55,1
DA:57,2
DA:61,1
DA:63,1
DA:64,4
DA:65,1
DA:67,1
DA:69,0
DA:74,3
DA:76,3
DA:77,2
DA:79,2
DA:80,2
DA:83,2
DA:85,2
DA:89,2
DA:91,2
DA:92,2
DA:94,2
DA:96,0
DA:101,1
DA:103,1
DA:104,1
DA:105,1
DA:106,1
DA:108,0
DA:112,1
DA:114,1
DA:115,1
DA:116,1
DA:117,1
DA:126,2
DA:128,2
DA:131,1
DA:135,1
DA:137,1
DA:140,1
DA:145,1
DA:147,1
DA:148,2
DA:150,1
DA:151,1
DA:152,1
DA:155,2
DA:158,0
DA:161,0
DA:164,0
DA:172,2
DA:174,1
DA:175,2
LF:72
LH:65
end_of_record
SF:lib/providers/theme_provider.dart
DA:10,4
DA:12,2
DA:13,2
DA:14,2
DA:16,2
DA:18,2
DA:19,8
DA:23,1
DA:24,1
DA:25,1
DA:27,1
DA:29,1
DA:34,2
DA:36,4
DA:37,1
DA:40,2
DA:41,1
DA:45,3
DA:49,1
DA:50,2
DA:52,1
DA:53,1
DA:55,1
DA:58,1
DA:59,1
DA:60,1
DA:61,1
DA:63,1
DA:64,1
DA:66,1
DA:67,1
DA:72,1
DA:74,2
DA:75,2
DA:76,2
DA:78,0
DA:82,1
DA:83,1
DA:84,1
DA:86,1
DA:94,1
DA:96,1
DA:98,1
DA:100,1
DA:106,1
DA:107,1
DA:108,2
DA:109,1
DA:110,0
DA:111,1
DA:112,2
DA:113,1
DA:114,2
DA:116,2
DA:120,1
DA:121,1
DA:122,1
DA:123,1
DA:125,1
DA:132,0
DA:135,0
DA:138,0
LF:62
LH:57
end_of_record
SF:lib/main.dart
DA:11,0
DA:12,0
DA:13,0
DA:17,1
DA:19,1
DA:21,1
DA:22,3
DA:23,1
DA:24,1
DA:25,1
DA:28,1
DA:29,1
DA:30,1
DA:32,1
DA:33,2
DA:34,0
DA:35,0
DA:36,0
DA:37,0
LF:19
LH:12
end_of_record
SF:lib/theme/app_theme.dart
DA:5,1
DA:6,1
DA:9,1
DA:10,1
DA:12,1
DA:15,1
DA:16,1
DA:28,1
DA:31,1
DA:32,1
DA:37,1
DA:39,1
DA:42,1
DA:43,1
DA:47,1
DA:50,1
DA:55,1
DA:56,1
DA:62,1
DA:63,1
DA:64,1
DA:68,1
DA:70,1
DA:75,1
DA:79,1
DA:80,1
DA:85,1
DA:87,1
DA:88,1
DA:89,1
DA:90,2
DA:92,1
DA:93,1
DA:94,2
DA:96,1
DA:97,1
DA:98,2
DA:100,2
DA:101,2
DA:105,1
DA:106,1
DA:107,1
DA:108,1
DA:109,1
DA:110,2
DA:114,1
DA:115,1
DA:120,1
DA:121,1
DA:122,0
DA:123,0
DA:127,1
DA:128,2
DA:134,1
DA:135,1
DA:138,1
DA:139,1
DA:140,1
DA:141,1
DA:144,1
DA:145,1
DA:157,1
DA:158,1
DA:160,1
DA:161,1
DA:166,1
DA:167,1
DA:168,1
DA:171,1
DA:172,1
DA:176,1
DA:177,1
DA:179,1
DA:184,1
DA:185,1
DA:191,1
DA:192,1
DA:193,1
DA:197,1
DA:198,1
DA:208,1
DA:209,1
DA:214,1
DA:216,1
DA:217,1
DA:218,1
DA:219,2
DA:221,1
DA:222,1
DA:223,2
DA:225,1
DA:226,1
DA:227,2
DA:229,2
DA:230,2
DA:243,1
DA:244,1
DA:249,1
DA:250,1
DA:251,0
DA:252,0
DA:256,1
DA:257,2
DA:263,0
DA:264,0
DA:265,0
DA:266,0
DA:267,0
DA:268,0
DA:269,0
DA:271,0
DA:276,0
DA:277,0
DA:280,0
DA:282,0
DA:283,0
LF:116
LH:99
end_of_record
SF:lib/pages/home_page.dart
DA:10,1
DA:12,1
DA:13,1
DA:25,1
DA:27,1
DA:28,1
DA:31,1
DA:33,2
DA:34,2
DA:35,2
DA:36,1
DA:39,1
DA:41,3
DA:42,2
DA:43,0
DA:44,0
DA:45,0
DA:48,0
DA:49,0
DA:50,0
DA:51,0
DA:57,0
DA:59,0
DA:61,0
DA:62,0
DA:63,0
DA:69,0
DA:70,0
DA:71,0
DA:72,0
DA:74,0
DA:75,0
DA:81,0
DA:83,0
DA:84,0
DA:85,0
DA:86,0
DA:87,0
DA:91,0
DA:92,0
DA:97,0
DA:98,0
DA:102,0
DA:103,0
DA:104,0
DA:105,0
DA:112,0
DA:113,0
DA:119,0
DA:121,0
DA:124,0
DA:125,0
DA:128,0
DA:129,0
DA:130,0
DA:132,0
DA:133,0
DA:137,0
DA:138,0
DA:140,0
DA:141,0
DA:142,0
DA:144,0
DA:145,0
DA:151,0
DA:153,0
DA:154,0
DA:155,0
DA:156,0
DA:157,0
DA:161,0
DA:162,0
DA:167,0
DA:168,0
DA:172,0
DA:173,0
DA:174,0
DA:175,0
DA:182,0
DA:183,0
DA:184,0
DA:185,0
DA:191,0
DA:192,0
DA:193,0
DA:194,0
DA:198,0
DA:199,0
DA:200,0
DA:202,0
DA:203,0
DA:207,0
DA:208,0
DA:209,0
DA:210,0
DA:212,0
DA:215,0
DA:216,0
DA:217,0
DA:219,0
DA:220,0
DA:221,0
DA:222,0
DA:229,0
DA:230,0
DA:231,0
DA:234,0
DA:235,0
DA:236,0
DA:247,0
DA:250,0
DA:253,0
DA:254,0
DA:255,0
DA:258,0
DA:259,0
DA:261,0
DA:262,0
DA:266,0
DA:268,0
DA:269,0
DA:270,0
DA:271,0
DA:272,0
DA:273,0
DA:275,0
DA:281,0
DA:282,0
DA:283,0
DA:284,0
DA:290,0
DA:293,0
DA:294,0
DA:295,0
DA:298,0
DA:299,0
DA:300,0
DA:302,0
DA:305,0
DA:307,0
DA:308,0
DA:309,0
DA:313,0
DA:314,0
DA:315,0
DA:321,0
DA:322,0
DA:323,0
DA:324,0
DA:326,0
DA:327,0
DA:330,0
DA:331,0
DA:335,0
DA:339,0
DA:340,0
DA:341,0
DA:342,0
DA:344,0
DA:346,0
DA:347,0
DA:348,0
DA:354,0
DA:357,0
DA:358,0
DA:364,0
DA:368,0
DA:369,0
DA:370,0
DA:371,0
DA:372,0
DA:373,0
DA:377,0
DA:378,0
DA:383,0
DA:384,0
DA:385,0
DA:389,0
DA:390,0
DA:391,0
DA:392,0
DA:398,0
DA:400,0
DA:403,0
DA:404,0
DA:405,0
DA:406,0
DA:410,0
DA:411,0
DA:412,0
DA:413,0
DA:415,0
DA:416,0
DA:420,0
DA:421,0
DA:422,0
DA:424,0
DA:425,0
DA:426,0
DA:428,0
DA:430,0
DA:431,0
DA:432,0
DA:438,0
DA:441,0
DA:442,0
DA:448,0
DA:452,0
DA:453,0
DA:454,0
DA:455,0
DA:456,0
DA:457,0
DA:461,0
DA:462,0
DA:467,0
DA:468,0
DA:469,0
DA:473,0
DA:474,0
DA:475,0
DA:476,0
DA:482,0
DA:484,0
DA:487,0
DA:488,0
DA:489,0
DA:490,0
DA:494,0
DA:495,0
DA:496,0
DA:497,0
DA:499,0
DA:500,0
DA:504,0
DA:505,0
DA:506,0
DA:507,0
DA:509,0
DA:510,0
DA:511,0
DA:512,0
DA:515,0
DA:516,0
DA:517,0
DA:528,0
DA:529,0
DA:530,0
DA:531,0
DA:532,0
DA:536,0
DA:537,0
DA:539,0
DA:540,0
DA:544,0
DA:545,0
DA:546,0
DA:547,0
DA:550,0
DA:551,0
DA:552,0
DA:553,0
DA:557,0
DA:560,0
DA:561,0
DA:562,0
DA:563,0
DA:564,0
DA:565,0
DA:566,0
DA:572,0
DA:573,0
DA:574,0
DA:581,0
DA:583,0
DA:584,0
DA:590,0
DA:591,0
DA:592,0
DA:593,0
DA:594,0
DA:595,0
DA:596,0
DA:597,0
DA:604,0
DA:605,0
DA:606,0
DA:616,0
DA:618,0
DA:619,0
DA:629,0
DA:630,0
DA:631,0
DA:632,0
DA:633,0
DA:634,0
DA:637,0
DA:638,0
DA:644,0
DA:647,0
DA:648,0
DA:649,0
DA:650,0
DA:654,0
DA:655,0
DA:656,0
DA:657,0
DA:659,0
DA:661,0
DA:662,0
DA:663,0
DA:668,0
DA:669,0
DA:670,0
DA:678,0
DA:679,0
DA:682,0
DA:683,0
DA:684,0
DA:685,0
DA:686,0
DA:690,0
DA:693,0
DA:694,0
DA:696,0
DA:698,0
DA:700,0
DA:701,0
DA:703,0
DA:704,0
DA:705,0
DA:707,0
DA:710,0
DA:716,0
DA:718,0
DA:719,0
DA:725,0
DA:727,0
DA:728,0
DA:734,0
DA:735,0
DA:738,0
DA:740,0
DA:741,0
DA:746,0
DA:748,0
DA:749,0
DA:758,0
DA:759,0
DA:761,0
DA:762,0
DA:763,0
DA:764,0
DA:765,0
DA:766,0
DA:767,0
DA:777,0
DA:787,0
DA:788,0
DA:790,0
DA:794,0
DA:798,0
DA:800,0
DA:801,0
DA:802,0
DA:803,0
DA:804,0
DA:805,0
DA:806,0
DA:813,0
DA:815,0
DA:817,0
DA:822,0
DA:823,0
DA:824,0
DA:825,0
DA:827,0
DA:829,0
DA:830,0
DA:831,0
DA:832,0
DA:837,0
DA:838,0
DA:839,0
DA:840,0
DA:841,0
DA:849,0
DA:851,0
DA:852,0
DA:855,0
DA:856,0
DA:857,0
DA:858,0
DA:859,0
DA:860,0
DA:861,0
DA:871,0
DA:881,0
DA:882,0
DA:884,0
DA:888,0
DA:892,0
DA:893,0
DA:895,0
DA:896,0
DA:897,0
DA:898,0
DA:900,0
DA:902,0
DA:904,0
DA:910,0
DA:911,0
DA:912,0
DA:913,0
DA:914,0
DA:918,0
DA:919,0
DA:920,0
DA:925,0
DA:932,0
DA:934,0
DA:935,0
DA:938,0
DA:945,0
DA:946,0
DA:965,1
DA:967,1
DA:968,1
DA:969,1
DA:970,1
DA:971,1
DA:980,1
DA:981,1
DA:982,1
DA:983,1
DA:984,1
DA:986,1
DA:987,1
DA:988,2
DA:991,0
DA:996,1
DA:999,0
DA:1001,0
DA:1002,0
DA:1004,0
DA:1005,0
DA:1007,0
DA:1008,0
DA:1010,0
DA:1011,0
DA:1015,0
DA:1053,1
DA:1055,1
DA:1073,0
DA:1074,0
DA:1075,0
DA:1077,1
DA:1078,1
DA:1080,1
DA:1081,1
LF:460
LH:35
end_of_record
SF:lib/pages/history_page.dart
DA:6,0
DA:8,0
DA:9,0
DA:17,0
DA:19,0
DA:20,0
DA:23,0
DA:25,0
DA:26,0
DA:27,0
DA:28,0
DA:29,0
DA:32,0
DA:33,0
DA:34,0
DA:35,0
DA:41,0
DA:44,0
DA:47,0
DA:48,0
DA:51,0
DA:54,0
DA:55,0
DA:57,0
DA:59,0
DA:60,0
DA:61,0
DA:62,0
DA:68,0
DA:69,0
DA:70,0
DA:76,0
DA:78,0
DA:79,0
DA:81,0
DA:83,0
DA:84,0
DA:85,0
DA:86,0
DA:92,0
DA:93,0
DA:94,0
DA:100,0
DA:101,0
DA:102,0
DA:103,0
DA:105,0
DA:106,0
DA:107,0
DA:108,0
DA:111,0
DA:112,0
DA:113,0
DA:114,0
DA:116,0
DA:127,0
DA:128,0
DA:129,0
DA:130,0
DA:132,0
DA:135,0
DA:136,0
DA:147,0
DA:148,0
DA:149,0
DA:152,0
DA:153,0
DA:154,0
DA:155,0
DA:157,0
DA:168,0
DA:169,0
DA:170,0
DA:171,0
DA:172,0
DA:173,0
DA:176,0
DA:177,0
DA:178,0
DA:179,0
DA:180,0
DA:185,0
DA:186,0
DA:190,0
DA:191,0
DA:199,0
DA:201,0
DA:202,0
DA:203,0
DA:204,0
DA:206,0
DA:209,0
DA:210,0
DA:211,0
DA:212,0
DA:213,0
DA:214,0
DA:223,0
DA:224,0
DA:225,0
DA:233,0
DA:234,0
DA:237,0
DA:238,0
DA:239,0
DA:241,0
DA:242,0
DA:245,0
DA:248,0
DA:250,0
DA:251,0
DA:255,0
DA:257,0
DA:258,0
DA:267,0
DA:268,0
DA:270,0
DA:271,0
DA:272,0
DA:273,0
DA:275,0
DA:277,0
DA:282,0
DA:283,0
DA:289,0
DA:291,0
DA:292,0
DA:293,0
DA:294,0
DA:295,0
DA:300,0
DA:301,0
DA:302,0
DA:303,0
DA:309,0
DA:310,0
DA:312,0
DA:313,0
DA:315,0
DA:316,0
DA:318,0
DA:319,0
DA:323,0
DA:350,0
DA:357,0
DA:359,0
DA:360,0
DA:362,0
DA:363,0
DA:364,0
DA:366,0
DA:371,0
DA:373,0
DA:374,0
DA:375,0
LF:155
LH:0
end_of_record
SF:lib/pages/help_page.dart
DA:4,0
DA:6,0
DA:8,0
DA:9,0
LF:4
LH:0
end_of_record
SF:lib/pages/contact_page.dart
DA:5,0
DA:7,0
DA:8,0
DA:9,0
DA:10,0
DA:14,0
DA:16,0
DA:17,0
DA:20,0
DA:22,0
DA:24,0
DA:33,0
DA:34,0
DA:38,0
DA:42,0
DA:43,0
DA:47,0
DA:51,0
DA:52,0
DA:56,0
LF:20
LH:0
end_of_record
SF:lib/pages/about_page.dart
DA:4,0
DA:6,0
DA:8,0
DA:9,0
LF:4
LH:0
end_of_record
